Determining if the pthread_create exist failed with the following output:
Change Dir: /home/iosmichael/Documents/slam/glog/build/CMakeFiles/CMakeTmp

Run Build Command:"/usr/bin/make" "cmTC_d8137/fast"
/usr/bin/make -f CMakeFiles/cmTC_d8137.dir/build.make CMakeFiles/cmTC_d8137.dir/build
make[1]: Entering directory '/home/iosmichael/Documents/slam/glog/build/CMakeFiles/CMakeTmp'
Building C object CMakeFiles/cmTC_d8137.dir/CheckSymbolExists.c.o
/usr/bin/cc    -o CMakeFiles/cmTC_d8137.dir/CheckSymbolExists.c.o   -c /home/iosmichael/Documents/slam/glog/build/CMakeFiles/CMakeTmp/CheckSymbolExists.c
Linking C executable cmTC_d8137
/usr/bin/cmake -E cmake_link_script CMakeFiles/cmTC_d8137.dir/link.txt --verbose=1
/usr/bin/cc      -rdynamic CMakeFiles/cmTC_d8137.dir/CheckSymbolExists.c.o  -o cmTC_d8137 
CMakeFiles/cmTC_d8137.dir/CheckSymbolExists.c.o: In function `main':
CheckSymbolExists.c:(.text+0x1b): undefined reference to `pthread_create'
collect2: error: ld returned 1 exit status
CMakeFiles/cmTC_d8137.dir/build.make:97: recipe for target 'cmTC_d8137' failed
make[1]: *** [cmTC_d8137] Error 1
make[1]: Leaving directory '/home/iosmichael/Documents/slam/glog/build/CMakeFiles/CMakeTmp'
Makefile:126: recipe for target 'cmTC_d8137/fast' failed
make: *** [cmTC_d8137/fast] Error 2

File /home/iosmichael/Documents/slam/glog/build/CMakeFiles/CMakeTmp/CheckSymbolExists.c:
/* */
#include <pthread.h>

int main(int argc, char** argv)
{
  (void)argv;
#ifndef pthread_create
  return ((int*)(&pthread_create))[argc];
#else
  (void)argc;
  return 0;
#endif
}

Determining if the function pthread_create exists in the pthreads failed with the following output:
Change Dir: /home/iosmichael/Documents/slam/glog/build/CMakeFiles/CMakeTmp

Run Build Command:"/usr/bin/make" "cmTC_0786c/fast"
/usr/bin/make -f CMakeFiles/cmTC_0786c.dir/build.make CMakeFiles/cmTC_0786c.dir/build
make[1]: Entering directory '/home/iosmichael/Documents/slam/glog/build/CMakeFiles/CMakeTmp'
Building C object CMakeFiles/cmTC_0786c.dir/CheckFunctionExists.c.o
/usr/bin/cc   -DCHECK_FUNCTION_EXISTS=pthread_create   -o CMakeFiles/cmTC_0786c.dir/CheckFunctionExists.c.o   -c /usr/share/cmake-3.10/Modules/CheckFunctionExists.c
Linking C executable cmTC_0786c
/usr/bin/cmake -E cmake_link_script CMakeFiles/cmTC_0786c.dir/link.txt --verbose=1
/usr/bin/cc  -DCHECK_FUNCTION_EXISTS=pthread_create    -rdynamic CMakeFiles/cmTC_0786c.dir/CheckFunctionExists.c.o  -o cmTC_0786c -lpthreads 
/usr/bin/ld: cannot find -lpthreads
collect2: error: ld returned 1 exit status
CMakeFiles/cmTC_0786c.dir/build.make:97: recipe for target 'cmTC_0786c' failed
make[1]: *** [cmTC_0786c] Error 1
make[1]: Leaving directory '/home/iosmichael/Documents/slam/glog/build/CMakeFiles/CMakeTmp'
Makefile:126: recipe for target 'cmTC_0786c/fast' failed
make: *** [cmTC_0786c/fast] Error 2


Determining if the include file libunwind.h exists failed with the following output:
Change Dir: /home/iosmichael/Documents/slam/glog/build/CMakeFiles/CMakeTmp

Run Build Command:"/usr/bin/make" "cmTC_4981e/fast"
/usr/bin/make -f CMakeFiles/cmTC_4981e.dir/build.make CMakeFiles/cmTC_4981e.dir/build
make[1]: Entering directory '/home/iosmichael/Documents/slam/glog/build/CMakeFiles/CMakeTmp'
Building C object CMakeFiles/cmTC_4981e.dir/CheckIncludeFile.c.o
/usr/bin/cc    -o CMakeFiles/cmTC_4981e.dir/CheckIncludeFile.c.o   -c /home/iosmichael/Documents/slam/glog/build/CMakeFiles/CMakeTmp/CheckIncludeFile.c
/home/iosmichael/Documents/slam/glog/build/CMakeFiles/CMakeTmp/CheckIncludeFile.c:1:10: fatal error: libunwind.h: No such file or directory
 #include <libunwind.h>
          ^~~~~~~~~~~~~
compilation terminated.
CMakeFiles/cmTC_4981e.dir/build.make:65: recipe for target 'CMakeFiles/cmTC_4981e.dir/CheckIncludeFile.c.o' failed
make[1]: *** [CMakeFiles/cmTC_4981e.dir/CheckIncludeFile.c.o] Error 1
make[1]: Leaving directory '/home/iosmichael/Documents/slam/glog/build/CMakeFiles/CMakeTmp'
Makefile:126: recipe for target 'cmTC_4981e/fast' failed
make: *** [cmTC_4981e/fast] Error 2


Determining size of unsigned __int16 failed with the following output:
Change Dir: /home/iosmichael/Documents/slam/glog/build/CMakeFiles/CMakeTmp

Run Build Command:"/usr/bin/make" "cmTC_65d5e/fast"
/usr/bin/make -f CMakeFiles/cmTC_65d5e.dir/build.make CMakeFiles/cmTC_65d5e.dir/build
make[1]: Entering directory '/home/iosmichael/Documents/slam/glog/build/CMakeFiles/CMakeTmp'
Building C object CMakeFiles/cmTC_65d5e.dir/HAVE___UINT16.c.o
/usr/bin/cc    -o CMakeFiles/cmTC_65d5e.dir/HAVE___UINT16.c.o   -c /home/iosmichael/Documents/slam/glog/build/CMakeFiles/CheckTypeSize/HAVE___UINT16.c
/home/iosmichael/Documents/slam/glog/build/CMakeFiles/CheckTypeSize/HAVE___UINT16.c:23:31: error: expected ‘)’ before ‘__int16’
 #define SIZE (sizeof(unsigned __int16))
                               ^
/home/iosmichael/Documents/slam/glog/build/CMakeFiles/CheckTypeSize/HAVE___UINT16.c:25:12: note: in expansion of macro ‘SIZE’
   ('0' + ((SIZE / 10000)%10)),
            ^~~~
/home/iosmichael/Documents/slam/glog/build/CMakeFiles/CheckTypeSize/HAVE___UINT16.c:23:31: error: expected ‘)’ before ‘__int16’
 #define SIZE (sizeof(unsigned __int16))
                               ^
/home/iosmichael/Documents/slam/glog/build/CMakeFiles/CheckTypeSize/HAVE___UINT16.c:26:12: note: in expansion of macro ‘SIZE’
   ('0' + ((SIZE / 1000)%10)),
            ^~~~
/home/iosmichael/Documents/slam/glog/build/CMakeFiles/CheckTypeSize/HAVE___UINT16.c:23:31: error: expected ‘)’ before ‘__int16’
 #define SIZE (sizeof(unsigned __int16))
                               ^
/home/iosmichael/Documents/slam/glog/build/CMakeFiles/CheckTypeSize/HAVE___UINT16.c:27:12: note: in expansion of macro ‘SIZE’
   ('0' + ((SIZE / 100)%10)),
            ^~~~
/home/iosmichael/Documents/slam/glog/build/CMakeFiles/CheckTypeSize/HAVE___UINT16.c:23:31: error: expected ‘)’ before ‘__int16’
 #define SIZE (sizeof(unsigned __int16))
                               ^
/home/iosmichael/Documents/slam/glog/build/CMakeFiles/CheckTypeSize/HAVE___UINT16.c:28:12: note: in expansion of macro ‘SIZE’
   ('0' + ((SIZE / 10)%10)),
            ^~~~
/home/iosmichael/Documents/slam/glog/build/CMakeFiles/CheckTypeSize/HAVE___UINT16.c:23:31: error: expected ‘)’ before ‘__int16’
 #define SIZE (sizeof(unsigned __int16))
                               ^
/home/iosmichael/Documents/slam/glog/build/CMakeFiles/CheckTypeSize/HAVE___UINT16.c:29:12: note: in expansion of macro ‘SIZE’
   ('0' +  (SIZE    % 10)),
            ^~~~
CMakeFiles/cmTC_65d5e.dir/build.make:65: recipe for target 'CMakeFiles/cmTC_65d5e.dir/HAVE___UINT16.c.o' failed
make[1]: *** [CMakeFiles/cmTC_65d5e.dir/HAVE___UINT16.c.o] Error 1
make[1]: Leaving directory '/home/iosmichael/Documents/slam/glog/build/CMakeFiles/CMakeTmp'
Makefile:126: recipe for target 'cmTC_65d5e/fast' failed
make: *** [cmTC_65d5e/fast] Error 2

/home/iosmichael/Documents/slam/glog/build/CMakeFiles/CheckTypeSize/HAVE___UINT16.c:
#include <sys/types.h>
#include <stdint.h>
#include <stddef.h>


#undef KEY
#if defined(__i386)
# define KEY '_','_','i','3','8','6'
#elif defined(__x86_64)
# define KEY '_','_','x','8','6','_','6','4'
#elif defined(__ppc__)
# define KEY '_','_','p','p','c','_','_'
#elif defined(__ppc64__)
# define KEY '_','_','p','p','c','6','4','_','_'
#elif defined(__aarch64__)
# define KEY '_','_','a','a','r','c','h','6','4','_','_'
#elif defined(__ARM_ARCH_7A__)
# define KEY '_','_','A','R','M','_','A','R','C','H','_','7','A','_','_'
#elif defined(__ARM_ARCH_7S__)
# define KEY '_','_','A','R','M','_','A','R','C','H','_','7','S','_','_'
#endif

#define SIZE (sizeof(unsigned __int16))
char info_size[] =  {'I', 'N', 'F', 'O', ':', 's','i','z','e','[',
  ('0' + ((SIZE / 10000)%10)),
  ('0' + ((SIZE / 1000)%10)),
  ('0' + ((SIZE / 100)%10)),
  ('0' + ((SIZE / 10)%10)),
  ('0' +  (SIZE    % 10)),
  ']',
#ifdef KEY
  ' ','k','e','y','[', KEY, ']',
#endif
  '\0'};

#ifdef __CLASSIC_C__
int main(argc, argv) int argc; char *argv[];
#else
int main(int argc, char *argv[])
#endif
{
  int require = 0;
  require += info_size[argc];
  (void)argv;
  return require;
}


Determining if the function dladdr exists failed with the following output:
Change Dir: /home/iosmichael/Documents/slam/glog/build/CMakeFiles/CMakeTmp

Run Build Command:"/usr/bin/make" "cmTC_e96bb/fast"
/usr/bin/make -f CMakeFiles/cmTC_e96bb.dir/build.make CMakeFiles/cmTC_e96bb.dir/build
make[1]: Entering directory '/home/iosmichael/Documents/slam/glog/build/CMakeFiles/CMakeTmp'
Building C object CMakeFiles/cmTC_e96bb.dir/CheckFunctionExists.c.o
/usr/bin/cc   -DCHECK_FUNCTION_EXISTS=dladdr   -o CMakeFiles/cmTC_e96bb.dir/CheckFunctionExists.c.o   -c /usr/share/cmake-3.10/Modules/CheckFunctionExists.c
Linking C executable cmTC_e96bb
/usr/bin/cmake -E cmake_link_script CMakeFiles/cmTC_e96bb.dir/link.txt --verbose=1
/usr/bin/cc  -DCHECK_FUNCTION_EXISTS=dladdr    -rdynamic CMakeFiles/cmTC_e96bb.dir/CheckFunctionExists.c.o  -o cmTC_e96bb 
CMakeFiles/cmTC_e96bb.dir/CheckFunctionExists.c.o: In function `main':
CheckFunctionExists.c:(.text+0x10): undefined reference to `dladdr'
collect2: error: ld returned 1 exit status
CMakeFiles/cmTC_e96bb.dir/build.make:97: recipe for target 'cmTC_e96bb' failed
make[1]: *** [cmTC_e96bb] Error 1
make[1]: Leaving directory '/home/iosmichael/Documents/slam/glog/build/CMakeFiles/CMakeTmp'
Makefile:126: recipe for target 'cmTC_e96bb/fast' failed
make: *** [cmTC_e96bb/fast] Error 2


Performing C++ SOURCE FILE Test HAVE_NO_UNNAMED_TYPE_TEMPLATE_ARGS failed with the following output:
Change Dir: /home/iosmichael/Documents/slam/glog/build/CMakeFiles/CMakeTmp

Run Build Command:"/usr/bin/make" "cmTC_96c0d/fast"
/usr/bin/make -f CMakeFiles/cmTC_96c0d.dir/build.make CMakeFiles/cmTC_96c0d.dir/build
make[1]: Entering directory '/home/iosmichael/Documents/slam/glog/build/CMakeFiles/CMakeTmp'
Building CXX object CMakeFiles/cmTC_96c0d.dir/src.cxx.o
/usr/bin/c++    -DHAVE_NO_UNNAMED_TYPE_TEMPLATE_ARGS   -Wunnamed-type-template-args -o CMakeFiles/cmTC_96c0d.dir/src.cxx.o -c /home/iosmichael/Documents/slam/glog/build/CMakeFiles/CMakeTmp/src.cxx
c++: error: unrecognized command line option '-Wunnamed-type-template-args'
CMakeFiles/cmTC_96c0d.dir/build.make:65: recipe for target 'CMakeFiles/cmTC_96c0d.dir/src.cxx.o' failed
make[1]: *** [CMakeFiles/cmTC_96c0d.dir/src.cxx.o] Error 1
make[1]: Leaving directory '/home/iosmichael/Documents/slam/glog/build/CMakeFiles/CMakeTmp'
Makefile:126: recipe for target 'cmTC_96c0d/fast' failed
make: *** [cmTC_96c0d/fast] Error 2

Source file was:
int main() { return 0; }
Determining if the function get_static_proc_name exists in the unwind failed with the following output:
Change Dir: /home/iosmichael/Documents/slam/glog/build/CMakeFiles/CMakeTmp

Run Build Command:"/usr/bin/make" "cmTC_c2881/fast"
/usr/bin/make -f CMakeFiles/cmTC_c2881.dir/build.make CMakeFiles/cmTC_c2881.dir/build
make[1]: Entering directory '/home/iosmichael/Documents/slam/glog/build/CMakeFiles/CMakeTmp'
Building C object CMakeFiles/cmTC_c2881.dir/CheckFunctionExists.c.o
/usr/bin/cc   -DCHECK_FUNCTION_EXISTS=get_static_proc_name   -o CMakeFiles/cmTC_c2881.dir/CheckFunctionExists.c.o   -c /usr/share/cmake-3.10/Modules/CheckFunctionExists.c
Linking C executable cmTC_c2881
/usr/bin/cmake -E cmake_link_script CMakeFiles/cmTC_c2881.dir/link.txt --verbose=1
/usr/bin/cc  -DCHECK_FUNCTION_EXISTS=get_static_proc_name    -rdynamic CMakeFiles/cmTC_c2881.dir/CheckFunctionExists.c.o  -o cmTC_c2881 -lunwind 
/usr/bin/ld: cannot find -lunwind
collect2: error: ld returned 1 exit status
CMakeFiles/cmTC_c2881.dir/build.make:97: recipe for target 'cmTC_c2881' failed
make[1]: *** [cmTC_c2881] Error 1
make[1]: Leaving directory '/home/iosmichael/Documents/slam/glog/build/CMakeFiles/CMakeTmp'
Makefile:126: recipe for target 'cmTC_c2881/fast' failed
make: *** [cmTC_c2881/fast] Error 2


Determining if the function UnDecorateSymbolName exists in the dbghelp failed with the following output:
Change Dir: /home/iosmichael/Documents/slam/glog/build/CMakeFiles/CMakeTmp

Run Build Command:"/usr/bin/make" "cmTC_ffb2f/fast"
/usr/bin/make -f CMakeFiles/cmTC_ffb2f.dir/build.make CMakeFiles/cmTC_ffb2f.dir/build
make[1]: Entering directory '/home/iosmichael/Documents/slam/glog/build/CMakeFiles/CMakeTmp'
Building C object CMakeFiles/cmTC_ffb2f.dir/CheckFunctionExists.c.o
/usr/bin/cc   -DCHECK_FUNCTION_EXISTS=UnDecorateSymbolName   -o CMakeFiles/cmTC_ffb2f.dir/CheckFunctionExists.c.o   -c /usr/share/cmake-3.10/Modules/CheckFunctionExists.c
Linking C executable cmTC_ffb2f
/usr/bin/cmake -E cmake_link_script CMakeFiles/cmTC_ffb2f.dir/link.txt --verbose=1
/usr/bin/cc  -DCHECK_FUNCTION_EXISTS=UnDecorateSymbolName    -rdynamic CMakeFiles/cmTC_ffb2f.dir/CheckFunctionExists.c.o  -o cmTC_ffb2f -ldbghelp 
/usr/bin/ld: cannot find -ldbghelp
collect2: error: ld returned 1 exit status
CMakeFiles/cmTC_ffb2f.dir/build.make:97: recipe for target 'cmTC_ffb2f' failed
make[1]: *** [cmTC_ffb2f] Error 1
make[1]: Leaving directory '/home/iosmichael/Documents/slam/glog/build/CMakeFiles/CMakeTmp'
Makefile:126: recipe for target 'cmTC_ffb2f/fast' failed
make: *** [cmTC_ffb2f/fast] Error 2


Performing C SOURCE FILE Test HAVE_RWLOCK failed with the following output:
Change Dir: /home/iosmichael/Documents/slam/glog/build/CMakeFiles/CMakeTmp

Run Build Command:"/usr/bin/make" "cmTC_1a004/fast"
/usr/bin/make -f CMakeFiles/cmTC_1a004.dir/build.make CMakeFiles/cmTC_1a004.dir/build
make[1]: Entering directory '/home/iosmichael/Documents/slam/glog/build/CMakeFiles/CMakeTmp'
Building C object CMakeFiles/cmTC_1a004.dir/src.c.o
/usr/bin/cc   -DHAVE_RWLOCK   -o CMakeFiles/cmTC_1a004.dir/src.c.o   -c /home/iosmichael/Documents/slam/glog/build/CMakeFiles/CMakeTmp/src.c
Linking C executable cmTC_1a004
/usr/bin/cmake -E cmake_link_script CMakeFiles/cmTC_1a004.dir/link.txt --verbose=1
/usr/bin/cc  -DHAVE_RWLOCK    -rdynamic CMakeFiles/cmTC_1a004.dir/src.c.o  -o cmTC_1a004 
CMakeFiles/cmTC_1a004.dir/src.c.o: In function `main':
src.c:(.text+0x24): undefined reference to `pthread_rwlock_init'
src.c:(.text+0x30): undefined reference to `pthread_rwlock_rdlock'
collect2: error: ld returned 1 exit status
CMakeFiles/cmTC_1a004.dir/build.make:97: recipe for target 'cmTC_1a004' failed
make[1]: *** [cmTC_1a004] Error 1
make[1]: Leaving directory '/home/iosmichael/Documents/slam/glog/build/CMakeFiles/CMakeTmp'
Makefile:126: recipe for target 'cmTC_1a004/fast' failed
make: *** [cmTC_1a004/fast] Error 2

Source file was:

#define _XOPEN_SOURCE 500
#include <pthread.h>
int main(void)
{
  pthread_rwlock_t l;
  pthread_rwlock_init(&l, NULL);
  pthread_rwlock_rdlock(&l);
  return 0;
}

Performing C SOURCE FILE Test HAVE___DECLSPEC failed with the following output:
Change Dir: /home/iosmichael/Documents/slam/glog/build/CMakeFiles/CMakeTmp

Run Build Command:"/usr/bin/make" "cmTC_fce06/fast"
/usr/bin/make -f CMakeFiles/cmTC_fce06.dir/build.make CMakeFiles/cmTC_fce06.dir/build
make[1]: Entering directory '/home/iosmichael/Documents/slam/glog/build/CMakeFiles/CMakeTmp'
Building C object CMakeFiles/cmTC_fce06.dir/src.c.o
/usr/bin/cc   -DHAVE___DECLSPEC   -o CMakeFiles/cmTC_fce06.dir/src.c.o   -c /home/iosmichael/Documents/slam/glog/build/CMakeFiles/CMakeTmp/src.c
/home/iosmichael/Documents/slam/glog/build/CMakeFiles/CMakeTmp/src.c:2:1: warning: return type defaults to ‘int’ [-Wimplicit-int]
 __declspec(selectany) int a;
 ^~~~~~~~~~
/home/iosmichael/Documents/slam/glog/build/CMakeFiles/CMakeTmp/src.c: In function ‘__declspec’:
/home/iosmichael/Documents/slam/glog/build/CMakeFiles/CMakeTmp/src.c:3:16: error: expected ‘=’, ‘,’, ‘;’, ‘asm’ or ‘__attribute__’ before ‘{’ token
 int main(void) { return 0; }
                ^
/home/iosmichael/Documents/slam/glog/build/CMakeFiles/CMakeTmp/src.c:2:1: warning: type of ‘selectany’ defaults to ‘int’ [-Wimplicit-int]
 __declspec(selectany) int a;
 ^~~~~~~~~~
/home/iosmichael/Documents/slam/glog/build/CMakeFiles/CMakeTmp/src.c:2:27: error: declaration for parameter ‘a’ but no such parameter
 __declspec(selectany) int a;
                           ^
/home/iosmichael/Documents/slam/glog/build/CMakeFiles/CMakeTmp/src.c:3:16: error: expected ‘{’ at end of input
 int main(void) { return 0; }
                ^
CMakeFiles/cmTC_fce06.dir/build.make:65: recipe for target 'CMakeFiles/cmTC_fce06.dir/src.c.o' failed
make[1]: *** [CMakeFiles/cmTC_fce06.dir/src.c.o] Error 1
make[1]: Leaving directory '/home/iosmichael/Documents/slam/glog/build/CMakeFiles/CMakeTmp'
Makefile:126: recipe for target 'cmTC_fce06/fast' failed
make: *** [cmTC_fce06/fast] Error 2

Source file was:

__declspec(selectany) int a;
int main(void) { return 0; }

Performing C++ SOURCE FILE Test STL_NO_NAMESPACE failed with the following output:
Change Dir: /home/iosmichael/Documents/slam/glog/build/CMakeFiles/CMakeTmp

Run Build Command:"/usr/bin/make" "cmTC_6aea7/fast"
/usr/bin/make -f CMakeFiles/cmTC_6aea7.dir/build.make CMakeFiles/cmTC_6aea7.dir/build
make[1]: Entering directory '/home/iosmichael/Documents/slam/glog/build/CMakeFiles/CMakeTmp'
Building CXX object CMakeFiles/cmTC_6aea7.dir/src.cxx.o
/usr/bin/c++    -DSTL_NO_NAMESPACE   -o CMakeFiles/cmTC_6aea7.dir/src.cxx.o -c /home/iosmichael/Documents/slam/glog/build/CMakeFiles/CMakeTmp/src.cxx
/home/iosmichael/Documents/slam/glog/build/CMakeFiles/CMakeTmp/src.cxx:3:1: error: ‘vector’ does not name a type
 vector<int> t; int main() { }
 ^~~~~~
CMakeFiles/cmTC_6aea7.dir/build.make:65: recipe for target 'CMakeFiles/cmTC_6aea7.dir/src.cxx.o' failed
make[1]: *** [CMakeFiles/cmTC_6aea7.dir/src.cxx.o] Error 1
make[1]: Leaving directory '/home/iosmichael/Documents/slam/glog/build/CMakeFiles/CMakeTmp'
Makefile:126: recipe for target 'cmTC_6aea7/fast' failed
make: *** [cmTC_6aea7/fast] Error 2

Source file was:

#include <vector>
vector<int> t; int main() { }

Performing C++ SOURCE FILE Test HAVE_MSVC_TLS failed with the following output:
Change Dir: /home/iosmichael/Documents/slam/glog/build/CMakeFiles/CMakeTmp

Run Build Command:"/usr/bin/make" "cmTC_89984/fast"
/usr/bin/make -f CMakeFiles/cmTC_89984.dir/build.make CMakeFiles/cmTC_89984.dir/build
make[1]: Entering directory '/home/iosmichael/Documents/slam/glog/build/CMakeFiles/CMakeTmp'
Building CXX object CMakeFiles/cmTC_89984.dir/src.cxx.o
/usr/bin/c++    -DHAVE_MSVC_TLS   -o CMakeFiles/cmTC_89984.dir/src.cxx.o -c /home/iosmichael/Documents/slam/glog/build/CMakeFiles/CMakeTmp/src.cxx
/home/iosmichael/Documents/slam/glog/build/CMakeFiles/CMakeTmp/src.cxx:2:11: error: expected constructor, destructor, or type conversion before ‘(’ token
 __declspec(thread) int tls;
           ^
CMakeFiles/cmTC_89984.dir/build.make:65: recipe for target 'CMakeFiles/cmTC_89984.dir/src.cxx.o' failed
make[1]: *** [CMakeFiles/cmTC_89984.dir/src.cxx.o] Error 1
make[1]: Leaving directory '/home/iosmichael/Documents/slam/glog/build/CMakeFiles/CMakeTmp'
Makefile:126: recipe for target 'cmTC_89984/fast' failed
make: *** [cmTC_89984/fast] Error 2

Source file was:

__declspec(thread) int tls;
int main() { }

